<?xml version="1.0" encoding="UTF-8"?>
<!-- Generated by org.testng.reporters.JUnitReportReporter -->
<testsuite hostname="DESKTOP-81NODHG" name="com.confluxsys.cep.sherlock.TestSherlockApp" tests="1" failures="0" timestamp="17 Sep 2020 10:59:11 GMT" time="1.873" errors="0">
  <testcase name="TestSherlockApp1" time="1.873" classname="com.confluxsys.cep.sherlock.TestSherlockApp"/>
</testsuite> <!-- com.confluxsys.cep.sherlock.TestSherlockApp -->
